<?xml version="1.0" encoding="UTF-8"?>
<testng-results ignored="0" total="1" passed="1" failed="0" skipped="0">
  <reporter-output>
  </reporter-output>
  <suite started-at="2023-07-03T15:52:19 IST" name="Default suite" finished-at="2023-07-03T15:53:00 IST" duration-ms="41555">
    <groups>
    </groups>
    <test started-at="2023-07-03T15:52:19 IST" name="Default test" finished-at="2023-07-03T15:53:00 IST" duration-ms="41555">
      <class name="com.testng.demo.AndroidIND">
        <test-method is-config="true" signature="setUp()[pri:0, instance:com.testng.demo.AndroidIND@1e683a3e]" started-at="2023-07-03T15:52:19 IST" name="setUp" finished-at="2023-07-03T15:52:32 IST" duration-ms="13087" status="PASS">
          <reporter-output>
          </reporter-output>
        </test-method> <!-- setUp -->
        <test-method signature="logout()[pri:5, instance:com.testng.demo.AndroidIND@1e683a3e]" started-at="2023-07-03T15:52:32 IST" name="logout" finished-at="2023-07-03T15:52:53 IST" duration-ms="20979" status="PASS">
          <reporter-output>
          </reporter-output>
        </test-method> <!-- logout -->
        <test-method is-config="true" signature="tearDown()[pri:0, instance:com.testng.demo.AndroidIND@1e683a3e]" started-at="2023-07-03T15:52:53 IST" name="tearDown" finished-at="2023-07-03T15:53:00 IST" duration-ms="7374" status="PASS">
          <reporter-output>
          </reporter-output>
        </test-method> <!-- tearDown -->
      </class> <!-- com.testng.demo.AndroidIND -->
    </test> <!-- Default test -->
  </suite> <!-- Default suite -->
</testng-results>
